[ 2018-07-24T10:36:19+08:00 ] 127.0.0.1 /Home/Case/index
INFO: [ app_init ] --START--
INFO: Run Behavior\BuildLiteBehavior [ RunTime:0.000000s ]
INFO: [ app_init ] --END-- [ RunTime:0.001000s ]
ERR: 无法加载模块:Home/Case/index

[ 2018-07-24T15:54:54+08:00 ] 127.0.0.1 /admin/index/welcome
INFO: [ app_init ] --START--
INFO: Run Behavior\BuildLiteBehavior [ RunTime:0.000000s ]
INFO: [ app_init ] --END-- [ RunTime:0.006000s ]
ERR: 无法加载模块:Admin/index/welcome

[ 2018-07-24T15:54:54+08:00 ] 127.0.0.1 /upload/2017/11/23/5a1627b3ea155.png
INFO: [ app_init ] --START--
INFO: Run Behavior\BuildLiteBehavior [ RunTime:0.000000s ]
INFO: [ app_init ] --END-- [ RunTime:0.000000s ]
ERR: 无法加载模块:Upload/2017/11/23/5a1627b3ea155

[ 2018-07-24T15:55:02+08:00 ] 127.0.0.1 /upload/2017/11/23/5a1627b3ea155.png
INFO: [ app_init ] --START--
INFO: Run Behavior\BuildLiteBehavior [ RunTime:0.000000s ]
INFO: [ app_init ] --END-- [ RunTime:0.000000s ]
ERR: 无法加载模块:Upload/2017/11/23/5a1627b3ea155

[ 2018-07-24T15:55:08+08:00 ] 127.0.0.1 /Public/images/cancel.png
INFO: [ app_init ] --START--
INFO: Run Behavior\BuildLiteBehavior [ RunTime:0.000000s ]
INFO: [ app_init ] --END-- [ RunTime:0.000000s ]
ERR: 无法加载模块:Public/images/cancel

[ 2018-07-24T15:55:08+08:00 ] 127.0.0.1 /upload/2017/12/25/5a40a168a4106.jpg
INFO: [ app_init ] --START--
INFO: Run Behavior\BuildLiteBehavior [ RunTime:0.000000s ]
INFO: [ app_init ] --END-- [ RunTime:0.001000s ]
ERR: 无法加载模块:Upload/2017/12/25/5a40a168a4106

[ 2018-07-24T15:55:09+08:00 ] 127.0.0.1 /Public/images/yes.png
INFO: [ app_init ] --START--
INFO: Run Behavior\BuildLiteBehavior [ RunTime:0.000000s ]
INFO: [ app_init ] --END-- [ RunTime:0.001000s ]
ERR: 无法加载模块:Public/images/yes

[ 2018-07-24T15:55:09+08:00 ] 127.0.0.1 /upload/2017/11/23/5a1627b3ea155.png
INFO: [ app_init ] --START--
INFO: Run Behavior\BuildLiteBehavior [ RunTime:0.000000s ]
INFO: [ app_init ] --END-- [ RunTime:0.000000s ]
ERR: 无法加载模块:Upload/2017/11/23/5a1627b3ea155

[ 2018-07-24T15:55:09+08:00 ] 127.0.0.1 /upload/2017/12/25/5a40a1832cade.jpg
INFO: [ app_init ] --START--
INFO: Run Behavior\BuildLiteBehavior [ RunTime:0.000000s ]
INFO: [ app_init ] --END-- [ RunTime:0.001000s ]
ERR: 无法加载模块:Upload/2017/12/25/5a40a1832cade

[ 2018-07-24T15:55:12+08:00 ] 127.0.0.1 /Public/images/cancel.png
INFO: [ app_init ] --START--
INFO: Run Behavior\BuildLiteBehavior [ RunTime:0.000000s ]
INFO: [ app_init ] --END-- [ RunTime:0.000000s ]
ERR: 无法加载模块:Public/images/cancel

[ 2018-07-24T15:55:12+08:00 ] 127.0.0.1 /upload/2018/03/05/5a9ce8e2c5c76.jpg
INFO: [ app_init ] --START--
INFO: Run Behavior\BuildLiteBehavior [ RunTime:0.000000s ]
INFO: [ app_init ] --END-- [ RunTime:0.000000s ]
ERR: 无法加载模块:Upload/2018/03/05/5a9ce8e2c5c76

[ 2018-07-24T15:55:12+08:00 ] 127.0.0.1 /upload/2017/11/17/5a0eaca9bcd46.jpg
INFO: [ app_init ] --START--
INFO: Run Behavior\BuildLiteBehavior [ RunTime:0.000000s ]
INFO: [ app_init ] --END-- [ RunTime:0.001000s ]
ERR: 无法加载模块:Upload/2017/11/17/5a0eaca9bcd46

[ 2018-07-24T15:55:12+08:00 ] 127.0.0.1 /upload/2017/11/17/5a0eb00fb840f.jpg
INFO: [ app_init ] --START--
INFO: Run Behavior\BuildLiteBehavior [ RunTime:0.000000s ]
INFO: [ app_init ] --END-- [ RunTime:0.000000s ]
ERR: 无法加载模块:Upload/2017/11/17/5a0eb00fb840f

[ 2018-07-24T15:55:12+08:00 ] 127.0.0.1 /upload/2017/11/17/5a0eb0d48c29b.jpg
INFO: [ app_init ] --START--
INFO: Run Behavior\BuildLiteBehavior [ RunTime:0.000000s ]
INFO: [ app_init ] --END-- [ RunTime:0.000000s ]
ERR: 无法加载模块:Upload/2017/11/17/5a0eb0d48c29b

[ 2018-07-24T15:55:12+08:00 ] 127.0.0.1 /Public/images/cancel.png
INFO: [ app_init ] --START--
INFO: Run Behavior\BuildLiteBehavior [ RunTime:0.001000s ]
INFO: [ app_init ] --END-- [ RunTime:0.001000s ]
ERR: 无法加载模块:Public/images/cancel

[ 2018-07-24T15:55:12+08:00 ] 127.0.0.1 /upload/2017/11/17/5a0eb15a42779.jpg
INFO: [ app_init ] --START--
INFO: Run Behavior\BuildLiteBehavior [ RunTime:0.000000s ]
INFO: [ app_init ] --END-- [ RunTime:0.000000s ]
ERR: 无法加载模块:Upload/2017/11/17/5a0eb15a42779

[ 2018-07-24T15:55:12+08:00 ] 127.0.0.1 /Public/images/cancel.png
INFO: [ app_init ] --START--
INFO: Run Behavior\BuildLiteBehavior [ RunTime:0.000000s ]
INFO: [ app_init ] --END-- [ RunTime:0.000000s ]
ERR: 无法加载模块:Public/images/cancel

[ 2018-07-24T15:55:13+08:00 ] 127.0.0.1 /Public/images/yes.png
INFO: [ app_init ] --START--
INFO: Run Behavior\BuildLiteBehavior [ RunTime:0.000000s ]
INFO: [ app_init ] --END-- [ RunTime:0.001000s ]
ERR: 无法加载模块:Public/images/yes

[ 2018-07-24T15:55:13+08:00 ] 127.0.0.1 /upload/2017/11/17/5a0eacdda120f.jpg
INFO: [ app_init ] --START--
INFO: Run Behavior\BuildLiteBehavior [ RunTime:0.000000s ]
INFO: [ app_init ] --END-- [ RunTime:0.000000s ]
ERR: 无法加载模块:Upload/2017/11/17/5a0eacdda120f

[ 2018-07-24T15:55:13+08:00 ] 127.0.0.1 /upload/2017/11/17/5a0eae7cf0c6a.jpg
INFO: [ app_init ] --START--
INFO: Run Behavior\BuildLiteBehavior [ RunTime:0.000000s ]
INFO: [ app_init ] --END-- [ RunTime:0.001000s ]
ERR: 无法加载模块:Upload/2017/11/17/5a0eae7cf0c6a

[ 2018-07-24T15:55:13+08:00 ] 127.0.0.1 /upload/2017/11/17/5a0eb0c92269d.jpg
INFO: [ app_init ] --START--
INFO: Run Behavior\BuildLiteBehavior [ RunTime:0.000000s ]
INFO: [ app_init ] --END-- [ RunTime:0.000000s ]
ERR: 无法加载模块:Upload/2017/11/17/5a0eb0c92269d

[ 2018-07-24T15:55:21+08:00 ] 127.0.0.1 /Public/images/cancel.png
INFO: [ app_init ] --START--
INFO: Run Behavior\BuildLiteBehavior [ RunTime:0.000000s ]
INFO: [ app_init ] --END-- [ RunTime:0.000000s ]
ERR: 无法加载模块:Public/images/cancel

[ 2018-07-24T15:55:21+08:00 ] 127.0.0.1 /Public/images/yes.png
INFO: [ app_init ] --START--
INFO: Run Behavior\BuildLiteBehavior [ RunTime:0.000000s ]
INFO: [ app_init ] --END-- [ RunTime:0.000000s ]
ERR: 无法加载模块:Public/images/yes

[ 2018-07-24T16:26:45+08:00 ] 127.0.0.1 /Public/images/cancel.png
INFO: [ app_init ] --START--
INFO: Run Behavior\BuildLiteBehavior [ RunTime:0.000000s ]
INFO: [ app_init ] --END-- [ RunTime:0.001000s ]
ERR: 无法加载模块:Public/images/cancel

[ 2018-07-24T16:26:45+08:00 ] 127.0.0.1 /upload/2017/12/25/5a40a168a4106.jpg
INFO: [ app_init ] --START--
INFO: Run Behavior\BuildLiteBehavior [ RunTime:0.000000s ]
INFO: [ app_init ] --END-- [ RunTime:0.000000s ]
ERR: 无法加载模块:Upload/2017/12/25/5a40a168a4106

[ 2018-07-24T16:26:45+08:00 ] 127.0.0.1 /upload/2017/12/25/5a40a1832cade.jpg
INFO: [ app_init ] --START--
INFO: Run Behavior\BuildLiteBehavior [ RunTime:0.000000s ]
INFO: [ app_init ] --END-- [ RunTime:0.000000s ]
ERR: 无法加载模块:Upload/2017/12/25/5a40a1832cade

[ 2018-07-24T16:26:46+08:00 ] 127.0.0.1 /Public/images/yes.png
INFO: [ app_init ] --START--
INFO: Run Behavior\BuildLiteBehavior [ RunTime:0.000000s ]
INFO: [ app_init ] --END-- [ RunTime:0.000000s ]
ERR: 无法加载模块:Public/images/yes

[ 2018-07-24T16:26:46+08:00 ] 127.0.0.1 /upload/2017/11/23/5a1627b3ea155.png
INFO: [ app_init ] --START--
INFO: Run Behavior\BuildLiteBehavior [ RunTime:0.000000s ]
INFO: [ app_init ] --END-- [ RunTime:0.001000s ]
ERR: 无法加载模块:Upload/2017/11/23/5a1627b3ea155

[ 2018-07-24T16:26:46+08:00 ] 127.0.0.1 /Public/images/cancel.png
INFO: [ app_init ] --START--
INFO: Run Behavior\BuildLiteBehavior [ RunTime:0.000000s ]
INFO: [ app_init ] --END-- [ RunTime:0.001000s ]
ERR: 无法加载模块:Public/images/cancel

[ 2018-07-24T16:26:46+08:00 ] 127.0.0.1 /upload/2017/12/25/5a40a1b04e206.jpg
INFO: [ app_init ] --START--
INFO: Run Behavior\BuildLiteBehavior [ RunTime:0.000000s ]
INFO: [ app_init ] --END-- [ RunTime:0.000000s ]
ERR: 无法加载模块:Upload/2017/12/25/5a40a1b04e206

[ 2018-07-24T16:26:47+08:00 ] 127.0.0.1 /Public/images/cancel.png
INFO: [ app_init ] --START--
INFO: Run Behavior\BuildLiteBehavior [ RunTime:0.000000s ]
INFO: [ app_init ] --END-- [ RunTime:0.000000s ]
ERR: 无法加载模块:Public/images/cancel

[ 2018-07-24T16:26:47+08:00 ] 127.0.0.1 /Public/images/yes.png
INFO: [ app_init ] --START--
INFO: Run Behavior\BuildLiteBehavior [ RunTime:0.000000s ]
INFO: [ app_init ] --END-- [ RunTime:0.000000s ]
ERR: 无法加载模块:Public/images/yes

[ 2018-07-24T16:26:47+08:00 ] 127.0.0.1 /upload/2017/12/25/5a40a168a4106.jpg
INFO: [ app_init ] --START--
INFO: Run Behavior\BuildLiteBehavior [ RunTime:0.000000s ]
INFO: [ app_init ] --END-- [ RunTime:0.000000s ]
ERR: 无法加载模块:Upload/2017/12/25/5a40a168a4106

[ 2018-07-24T16:26:47+08:00 ] 127.0.0.1 /upload/2017/12/25/5a40a1832cade.jpg
INFO: [ app_init ] --START--
INFO: Run Behavior\BuildLiteBehavior [ RunTime:0.000000s ]
INFO: [ app_init ] --END-- [ RunTime:0.001000s ]
ERR: 无法加载模块:Upload/2017/12/25/5a40a1832cade

[ 2018-07-24T16:26:47+08:00 ] 127.0.0.1 /Public/images/cancel.png
INFO: [ app_init ] --START--
INFO: Run Behavior\BuildLiteBehavior [ RunTime:0.000000s ]
INFO: [ app_init ] --END-- [ RunTime:0.000000s ]
ERR: 无法加载模块:Public/images/cancel

[ 2018-07-24T16:26:47+08:00 ] 127.0.0.1 /upload/2017/12/25/5a40a1b04e206.jpg
INFO: [ app_init ] --START--
INFO: Run Behavior\BuildLiteBehavior [ RunTime:0.000000s ]
INFO: [ app_init ] --END-- [ RunTime:0.000000s ]
ERR: 无法加载模块:Upload/2017/12/25/5a40a1b04e206

[ 2018-07-24T16:26:47+08:00 ] 127.0.0.1 /upload/2017/11/23/5a1627b3ea155.png
INFO: [ app_init ] --START--
INFO: Run Behavior\BuildLiteBehavior [ RunTime:0.000000s ]
INFO: [ app_init ] --END-- [ RunTime:0.000000s ]
ERR: 无法加载模块:Upload/2017/11/23/5a1627b3ea155

[ 2018-07-24T16:26:47+08:00 ] 127.0.0.1 /Public/images/yes.png
INFO: [ app_init ] --START--
INFO: Run Behavior\BuildLiteBehavior [ RunTime:0.000000s ]
INFO: [ app_init ] --END-- [ RunTime:0.000000s ]
ERR: 无法加载模块:Public/images/yes

[ 2018-07-24T16:26:53+08:00 ] 127.0.0.1 /upload/2018/03/05/5a9ce8e2c5c76.jpg
INFO: [ app_init ] --START--
INFO: Run Behavior\BuildLiteBehavior [ RunTime:0.000000s ]
INFO: [ app_init ] --END-- [ RunTime:0.000000s ]
ERR: 无法加载模块:Upload/2018/03/05/5a9ce8e2c5c76

[ 2018-07-24T16:26:53+08:00 ] 127.0.0.1 /Public/images/cancel.png
INFO: [ app_init ] --START--
INFO: Run Behavior\BuildLiteBehavior [ RunTime:0.000000s ]
INFO: [ app_init ] --END-- [ RunTime:0.000000s ]
ERR: 无法加载模块:Public/images/cancel

[ 2018-07-24T16:26:53+08:00 ] 127.0.0.1 /Public/images/yes.png
INFO: [ app_init ] --START--
INFO: Run Behavior\BuildLiteBehavior [ RunTime:0.000000s ]
INFO: [ app_init ] --END-- [ RunTime:0.000000s ]
ERR: 无法加载模块:Public/images/yes

[ 2018-07-24T16:26:53+08:00 ] 127.0.0.1 /upload/2017/11/17/5a0eb00fb840f.jpg
INFO: [ app_init ] --START--
INFO: Run Behavior\BuildLiteBehavior [ RunTime:0.000000s ]
INFO: [ app_init ] --END-- [ RunTime:0.000000s ]
ERR: 无法加载模块:Upload/2017/11/17/5a0eb00fb840f

[ 2018-07-24T16:26:53+08:00 ] 127.0.0.1 /upload/2017/11/17/5a0eacdda120f.jpg
INFO: [ app_init ] --START--
INFO: Run Behavior\BuildLiteBehavior [ RunTime:0.000000s ]
INFO: [ app_init ] --END-- [ RunTime:0.000000s ]
ERR: 无法加载模块:Upload/2017/11/17/5a0eacdda120f

[ 2018-07-24T16:26:53+08:00 ] 127.0.0.1 /upload/2017/11/17/5a0eae7cf0c6a.jpg
INFO: [ app_init ] --START--
INFO: Run Behavior\BuildLiteBehavior [ RunTime:0.000000s ]
INFO: [ app_init ] --END-- [ RunTime:0.001000s ]
ERR: 无法加载模块:Upload/2017/11/17/5a0eae7cf0c6a

[ 2018-07-24T16:26:53+08:00 ] 127.0.0.1 /upload/2017/11/17/5a0eb0d48c29b.jpg
INFO: [ app_init ] --START--
INFO: Run Behavior\BuildLiteBehavior [ RunTime:0.000000s ]
INFO: [ app_init ] --END-- [ RunTime:0.001000s ]
ERR: 无法加载模块:Upload/2017/11/17/5a0eb0d48c29b

[ 2018-07-24T16:26:53+08:00 ] 127.0.0.1 /upload/2017/11/17/5a0eb0c92269d.jpg
INFO: [ app_init ] --START--
INFO: Run Behavior\BuildLiteBehavior [ RunTime:0.000000s ]
INFO: [ app_init ] --END-- [ RunTime:0.001000s ]
ERR: 无法加载模块:Upload/2017/11/17/5a0eb0c92269d

[ 2018-07-24T16:26:53+08:00 ] 127.0.0.1 /upload/2017/11/17/5a0eaca9bcd46.jpg
INFO: [ app_init ] --START--
INFO: Run Behavior\BuildLiteBehavior [ RunTime:0.000000s ]
INFO: [ app_init ] --END-- [ RunTime:0.000000s ]
ERR: 无法加载模块:Upload/2017/11/17/5a0eaca9bcd46

[ 2018-07-24T16:26:54+08:00 ] 127.0.0.1 /upload/2017/11/17/5a0eb15a42779.jpg
INFO: [ app_init ] --START--
INFO: Run Behavior\BuildLiteBehavior [ RunTime:0.000000s ]
INFO: [ app_init ] --END-- [ RunTime:0.000000s ]
ERR: 无法加载模块:Upload/2017/11/17/5a0eb15a42779

[ 2018-07-24T16:26:58+08:00 ] 127.0.0.1 /upload/2018/03/05/5a9ce8e2c5c76.jpg
INFO: [ app_init ] --START--
INFO: Run Behavior\BuildLiteBehavior [ RunTime:0.000000s ]
INFO: [ app_init ] --END-- [ RunTime:0.000000s ]
ERR: 无法加载模块:Upload/2018/03/05/5a9ce8e2c5c76

[ 2018-07-24T16:26:58+08:00 ] 127.0.0.1 /Public/images/yes.png
INFO: [ app_init ] --START--
INFO: Run Behavior\BuildLiteBehavior [ RunTime:0.000000s ]
INFO: [ app_init ] --END-- [ RunTime:0.000000s ]
ERR: 无法加载模块:Public/images/yes

[ 2018-07-24T16:26:58+08:00 ] 127.0.0.1 /Public/images/cancel.png
INFO: [ app_init ] --START--
INFO: Run Behavior\BuildLiteBehavior [ RunTime:0.000000s ]
INFO: [ app_init ] --END-- [ RunTime:0.000000s ]
ERR: 无法加载模块:Public/images/cancel

[ 2018-07-24T16:26:58+08:00 ] 127.0.0.1 /upload/2017/11/17/5a0eacdda120f.jpg
INFO: [ app_init ] --START--
INFO: Run Behavior\BuildLiteBehavior [ RunTime:0.000000s ]
INFO: [ app_init ] --END-- [ RunTime:0.000000s ]
ERR: 无法加载模块:Upload/2017/11/17/5a0eacdda120f

[ 2018-07-24T16:26:58+08:00 ] 127.0.0.1 /upload/2017/11/17/5a0eae7cf0c6a.jpg
INFO: [ app_init ] --START--
INFO: Run Behavior\BuildLiteBehavior [ RunTime:0.000000s ]
INFO: [ app_init ] --END-- [ RunTime:0.000000s ]
ERR: 无法加载模块:Upload/2017/11/17/5a0eae7cf0c6a

[ 2018-07-24T16:26:58+08:00 ] 127.0.0.1 /upload/2017/11/17/5a0eb0d48c29b.jpg
INFO: [ app_init ] --START--
INFO: Run Behavior\BuildLiteBehavior [ RunTime:0.000000s ]
INFO: [ app_init ] --END-- [ RunTime:0.002000s ]
ERR: 无法加载模块:Upload/2017/11/17/5a0eb0d48c29b

[ 2018-07-24T16:26:58+08:00 ] 127.0.0.1 /upload/2017/11/17/5a0eb0c92269d.jpg
INFO: [ app_init ] --START--
INFO: Run Behavior\BuildLiteBehavior [ RunTime:0.000000s ]
INFO: [ app_init ] --END-- [ RunTime:0.001000s ]
ERR: 无法加载模块:Upload/2017/11/17/5a0eb0c92269d

[ 2018-07-24T16:26:58+08:00 ] 127.0.0.1 /Public/images/cancel.png
INFO: [ app_init ] --START--
INFO: Run Behavior\BuildLiteBehavior [ RunTime:0.000000s ]
INFO: [ app_init ] --END-- [ RunTime:0.000000s ]
ERR: 无法加载模块:Public/images/cancel

[ 2018-07-24T16:26:58+08:00 ] 127.0.0.1 /Public/images/yes.png
INFO: [ app_init ] --START--
INFO: Run Behavior\BuildLiteBehavior [ RunTime:0.000000s ]
INFO: [ app_init ] --END-- [ RunTime:0.000000s ]
ERR: 无法加载模块:Public/images/yes

[ 2018-07-24T16:26:59+08:00 ] 127.0.0.1 /upload/2017/11/17/5a0eaca9bcd46.jpg
INFO: [ app_init ] --START--
INFO: Run Behavior\BuildLiteBehavior [ RunTime:0.000000s ]
INFO: [ app_init ] --END-- [ RunTime:0.000000s ]
ERR: 无法加载模块:Upload/2017/11/17/5a0eaca9bcd46

[ 2018-07-24T16:26:59+08:00 ] 127.0.0.1 /upload/2017/11/17/5a0eb00fb840f.jpg
INFO: [ app_init ] --START--
INFO: Run Behavior\BuildLiteBehavior [ RunTime:0.000000s ]
INFO: [ app_init ] --END-- [ RunTime:0.001000s ]
ERR: 无法加载模块:Upload/2017/11/17/5a0eb00fb840f

[ 2018-07-24T16:27:01+08:00 ] 127.0.0.1 /upload/2018/03/05/5a9ce8e2c5c76.jpg
INFO: [ app_init ] --START--
INFO: Run Behavior\BuildLiteBehavior [ RunTime:0.000000s ]
INFO: [ app_init ] --END-- [ RunTime:0.002000s ]
ERR: 无法加载模块:Upload/2018/03/05/5a9ce8e2c5c76

[ 2018-07-24T16:27:01+08:00 ] 127.0.0.1 /Public/images/cancel.png
INFO: [ app_init ] --START--
INFO: Run Behavior\BuildLiteBehavior [ RunTime:0.000000s ]
INFO: [ app_init ] --END-- [ RunTime:0.001000s ]
ERR: 无法加载模块:Public/images/cancel

[ 2018-07-24T16:27:01+08:00 ] 127.0.0.1 /Public/images/yes.png
INFO: [ app_init ] --START--
INFO: Run Behavior\BuildLiteBehavior [ RunTime:0.000000s ]
INFO: [ app_init ] --END-- [ RunTime:0.001000s ]
ERR: 无法加载模块:Public/images/yes

[ 2018-07-24T16:27:01+08:00 ] 127.0.0.1 /upload/2017/11/17/5a0eaca9bcd46.jpg
INFO: [ app_init ] --START--
INFO: Run Behavior\BuildLiteBehavior [ RunTime:0.000000s ]
INFO: [ app_init ] --END-- [ RunTime:0.001000s ]
ERR: 无法加载模块:Upload/2017/11/17/5a0eaca9bcd46

[ 2018-07-24T16:27:01+08:00 ] 127.0.0.1 /upload/2017/11/17/5a0eacdda120f.jpg
INFO: [ app_init ] --START--
INFO: Run Behavior\BuildLiteBehavior [ RunTime:0.000000s ]
INFO: [ app_init ] --END-- [ RunTime:0.000000s ]
ERR: 无法加载模块:Upload/2017/11/17/5a0eacdda120f

[ 2018-07-24T16:27:01+08:00 ] 127.0.0.1 /upload/2017/11/17/5a0eb00fb840f.jpg
INFO: [ app_init ] --START--
INFO: Run Behavior\BuildLiteBehavior [ RunTime:0.000000s ]
INFO: [ app_init ] --END-- [ RunTime:0.000000s ]
ERR: 无法加载模块:Upload/2017/11/17/5a0eb00fb840f

[ 2018-07-24T16:27:01+08:00 ] 127.0.0.1 /upload/2017/11/17/5a0eb0d48c29b.jpg
INFO: [ app_init ] --START--
INFO: Run Behavior\BuildLiteBehavior [ RunTime:0.000000s ]
INFO: [ app_init ] --END-- [ RunTime:0.000000s ]
ERR: 无法加载模块:Upload/2017/11/17/5a0eb0d48c29b

[ 2018-07-24T16:27:01+08:00 ] 127.0.0.1 /Public/images/cancel.png
INFO: [ app_init ] --START--
INFO: Run Behavior\BuildLiteBehavior [ RunTime:0.000000s ]
INFO: [ app_init ] --END-- [ RunTime:0.001000s ]
ERR: 无法加载模块:Public/images/cancel

[ 2018-07-24T16:27:01+08:00 ] 127.0.0.1 /Public/images/yes.png
INFO: [ app_init ] --START--
INFO: Run Behavior\BuildLiteBehavior [ RunTime:0.000000s ]
INFO: [ app_init ] --END-- [ RunTime:0.001000s ]
ERR: 无法加载模块:Public/images/yes

[ 2018-07-24T16:27:02+08:00 ] 127.0.0.1 /upload/2017/11/17/5a0eae7cf0c6a.jpg
INFO: [ app_init ] --START--
INFO: Run Behavior\BuildLiteBehavior [ RunTime:0.000000s ]
INFO: [ app_init ] --END-- [ RunTime:0.000000s ]
ERR: 无法加载模块:Upload/2017/11/17/5a0eae7cf0c6a

[ 2018-07-24T16:27:03+08:00 ] 127.0.0.1 /upload/2018/03/05/5a9ce8e2c5c76.jpg
INFO: [ app_init ] --START--
INFO: Run Behavior\BuildLiteBehavior [ RunTime:0.000000s ]
INFO: [ app_init ] --END-- [ RunTime:0.001000s ]
ERR: 无法加载模块:Upload/2018/03/05/5a9ce8e2c5c76

[ 2018-07-24T16:27:03+08:00 ] 127.0.0.1 /Public/images/cancel.png
INFO: [ app_init ] --START--
INFO: Run Behavior\BuildLiteBehavior [ RunTime:0.000000s ]
INFO: [ app_init ] --END-- [ RunTime:0.000000s ]
ERR: 无法加载模块:Public/images/cancel

[ 2018-07-24T16:27:03+08:00 ] 127.0.0.1 /upload/2017/11/17/5a0eaca9bcd46.jpg
INFO: [ app_init ] --START--
INFO: Run Behavior\BuildLiteBehavior [ RunTime:0.000000s ]
INFO: [ app_init ] --END-- [ RunTime:0.000000s ]
ERR: 无法加载模块:Upload/2017/11/17/5a0eaca9bcd46

[ 2018-07-24T16:27:03+08:00 ] 127.0.0.1 /upload/2017/11/17/5a0eacdda120f.jpg
INFO: [ app_init ] --START--
INFO: Run Behavior\BuildLiteBehavior [ RunTime:0.000000s ]
INFO: [ app_init ] --END-- [ RunTime:0.000000s ]
ERR: 无法加载模块:Upload/2017/11/17/5a0eacdda120f

[ 2018-07-24T16:27:03+08:00 ] 127.0.0.1 /upload/2017/11/17/5a0eb00fb840f.jpg
INFO: [ app_init ] --START--
INFO: Run Behavior\BuildLiteBehavior [ RunTime:0.000000s ]
INFO: [ app_init ] --END-- [ RunTime:0.000000s ]
ERR: 无法加载模块:Upload/2017/11/17/5a0eb00fb840f

[ 2018-07-24T16:27:03+08:00 ] 127.0.0.1 /Public/images/cancel.png
INFO: [ app_init ] --START--
INFO: Run Behavior\BuildLiteBehavior [ RunTime:0.000000s ]
INFO: [ app_init ] --END-- [ RunTime:0.001000s ]
ERR: 无法加载模块:Public/images/cancel

[ 2018-07-24T16:27:03+08:00 ] 127.0.0.1 /upload/2017/11/17/5a0eae7cf0c6a.jpg
INFO: [ app_init ] --START--
INFO: Run Behavior\BuildLiteBehavior [ RunTime:0.000000s ]
INFO: [ app_init ] --END-- [ RunTime:0.000000s ]
ERR: 无法加载模块:Upload/2017/11/17/5a0eae7cf0c6a

[ 2018-07-24T16:27:04+08:00 ] 127.0.0.1 /Public/images/yes.png
INFO: [ app_init ] --START--
INFO: Run Behavior\BuildLiteBehavior [ RunTime:0.000000s ]
INFO: [ app_init ] --END-- [ RunTime:0.001000s ]
ERR: 无法加载模块:Public/images/yes

[ 2018-07-24T16:27:06+08:00 ] 127.0.0.1 /upload/2018/03/05/5a9ce8e2c5c76.jpg
INFO: [ app_init ] --START--
INFO: Run Behavior\BuildLiteBehavior [ RunTime:0.000000s ]
INFO: [ app_init ] --END-- [ RunTime:0.000000s ]
ERR: 无法加载模块:Upload/2018/03/05/5a9ce8e2c5c76

[ 2018-07-24T16:27:06+08:00 ] 127.0.0.1 /Public/images/yes.png
INFO: [ app_init ] --START--
INFO: Run Behavior\BuildLiteBehavior [ RunTime:0.000000s ]
INFO: [ app_init ] --END-- [ RunTime:0.001000s ]
ERR: 无法加载模块:Public/images/yes

[ 2018-07-24T16:27:06+08:00 ] 127.0.0.1 /Public/images/cancel.png
INFO: [ app_init ] --START--
INFO: Run Behavior\BuildLiteBehavior [ RunTime:0.000000s ]
INFO: [ app_init ] --END-- [ RunTime:0.001000s ]
ERR: 无法加载模块:Public/images/cancel

[ 2018-07-24T16:27:06+08:00 ] 127.0.0.1 /upload/2017/11/17/5a0eacdda120f.jpg
INFO: [ app_init ] --START--
INFO: Run Behavior\BuildLiteBehavior [ RunTime:0.000000s ]
INFO: [ app_init ] --END-- [ RunTime:0.000000s ]
ERR: 无法加载模块:Upload/2017/11/17/5a0eacdda120f

[ 2018-07-24T16:27:06+08:00 ] 127.0.0.1 /upload/2017/11/17/5a0eb00fb840f.jpg
INFO: [ app_init ] --START--
INFO: Run Behavior\BuildLiteBehavior [ RunTime:0.000000s ]
INFO: [ app_init ] --END-- [ RunTime:0.000000s ]
ERR: 无法加载模块:Upload/2017/11/17/5a0eb00fb840f

[ 2018-07-24T16:27:06+08:00 ] 127.0.0.1 /Public/images/yes.png
INFO: [ app_init ] --START--
INFO: Run Behavior\BuildLiteBehavior [ RunTime:0.000000s ]
INFO: [ app_init ] --END-- [ RunTime:0.000000s ]
ERR: 无法加载模块:Public/images/yes

[ 2018-07-24T16:27:07+08:00 ] 127.0.0.1 /upload/2017/11/17/5a0eaca9bcd46.jpg
INFO: [ app_init ] --START--
INFO: Run Behavior\BuildLiteBehavior [ RunTime:0.000000s ]
INFO: [ app_init ] --END-- [ RunTime:0.000000s ]
ERR: 无法加载模块:Upload/2017/11/17/5a0eaca9bcd46

[ 2018-07-24T16:27:08+08:00 ] 127.0.0.1 /upload/2018/03/05/5a9ce8e2c5c76.jpg
INFO: [ app_init ] --START--
INFO: Run Behavior\BuildLiteBehavior [ RunTime:0.000000s ]
INFO: [ app_init ] --END-- [ RunTime:0.000000s ]
ERR: 无法加载模块:Upload/2018/03/05/5a9ce8e2c5c76

[ 2018-07-24T16:27:08+08:00 ] 127.0.0.1 /Public/images/cancel.png
INFO: [ app_init ] --START--
INFO: Run Behavior\BuildLiteBehavior [ RunTime:0.000000s ]
INFO: [ app_init ] --END-- [ RunTime:0.000000s ]
ERR: 无法加载模块:Public/images/cancel

[ 2018-07-24T16:27:08+08:00 ] 127.0.0.1 /upload/2017/11/17/5a0eaca9bcd46.jpg
INFO: [ app_init ] --START--
INFO: Run Behavior\BuildLiteBehavior [ RunTime:0.000000s ]
INFO: [ app_init ] --END-- [ RunTime:0.000000s ]
ERR: 无法加载模块:Upload/2017/11/17/5a0eaca9bcd46

[ 2018-07-24T16:27:08+08:00 ] 127.0.0.1 /upload/2017/11/17/5a0eacdda120f.jpg
INFO: [ app_init ] --START--
INFO: Run Behavior\BuildLiteBehavior [ RunTime:0.000000s ]
INFO: [ app_init ] --END-- [ RunTime:0.000000s ]
ERR: 无法加载模块:Upload/2017/11/17/5a0eacdda120f

[ 2018-07-24T16:27:09+08:00 ] 127.0.0.1 /Public/images/yes.png
INFO: [ app_init ] --START--
INFO: Run Behavior\BuildLiteBehavior [ RunTime:0.000000s ]
INFO: [ app_init ] --END-- [ RunTime:0.001000s ]
ERR: 无法加载模块:Public/images/yes

[ 2018-07-24T16:27:10+08:00 ] 127.0.0.1 /upload/2018/03/05/5a9ce8e2c5c76.jpg
INFO: [ app_init ] --START--
INFO: Run Behavior\BuildLiteBehavior [ RunTime:0.000000s ]
INFO: [ app_init ] --END-- [ RunTime:0.000000s ]
ERR: 无法加载模块:Upload/2018/03/05/5a9ce8e2c5c76

[ 2018-07-24T16:27:10+08:00 ] 127.0.0.1 /Public/images/cancel.png
INFO: [ app_init ] --START--
INFO: Run Behavior\BuildLiteBehavior [ RunTime:0.001000s ]
INFO: [ app_init ] --END-- [ RunTime:0.001000s ]
ERR: 无法加载模块:Public/images/cancel

[ 2018-07-24T16:27:10+08:00 ] 127.0.0.1 /Public/images/yes.png
INFO: [ app_init ] --START--
INFO: Run Behavior\BuildLiteBehavior [ RunTime:0.000000s ]
INFO: [ app_init ] --END-- [ RunTime:0.000000s ]
ERR: 无法加载模块:Public/images/yes

[ 2018-07-24T16:27:10+08:00 ] 127.0.0.1 /upload/2017/11/17/5a0eaca9bcd46.jpg
INFO: [ app_init ] --START--
INFO: Run Behavior\BuildLiteBehavior [ RunTime:0.000000s ]
INFO: [ app_init ] --END-- [ RunTime:0.001000s ]
ERR: 无法加载模块:Upload/2017/11/17/5a0eaca9bcd46

[ 2018-07-24T16:27:17+08:00 ] 127.0.0.1 /upload/2018/03/05/5a9ce8e2c5c76.jpg
INFO: [ app_init ] --START--
INFO: Run Behavior\BuildLiteBehavior [ RunTime:0.000000s ]
INFO: [ app_init ] --END-- [ RunTime:0.000000s ]
ERR: 无法加载模块:Upload/2018/03/05/5a9ce8e2c5c76

[ 2018-07-24T16:27:17+08:00 ] 127.0.0.1 /Public/images/cancel.png
INFO: [ app_init ] --START--
INFO: Run Behavior\BuildLiteBehavior [ RunTime:0.000000s ]
INFO: [ app_init ] --END-- [ RunTime:0.000000s ]
ERR: 无法加载模块:Public/images/cancel

[ 2018-07-24T16:27:17+08:00 ] 127.0.0.1 /Public/images/yes.png
INFO: [ app_init ] --START--
INFO: Run Behavior\BuildLiteBehavior [ RunTime:0.000000s ]
INFO: [ app_init ] --END-- [ RunTime:0.000000s ]
ERR: 无法加载模块:Public/images/yes

[ 2018-07-24T16:28:38+08:00 ] 127.0.0.1 /upload/2017/11/23/5a1627b3ea155.png
INFO: [ app_init ] --START--
INFO: Run Behavior\BuildLiteBehavior [ RunTime:0.000000s ]
INFO: [ app_init ] --END-- [ RunTime:0.000000s ]
ERR: 无法加载模块:Upload/2017/11/23/5a1627b3ea155

[ 2018-07-24T17:44:24+08:00 ] 127.0.0.1 /Admin-Admin-login
INFO: [ app_init ] --START--
INFO: Run Behavior\BuildLiteBehavior [ RunTime:0.000000s ]
INFO: [ app_init ] --END-- [ RunTime:0.001000s ]
ERR: 无法加载模块:Admin-Admin-login

[ 2018-07-24T17:44:30+08:00 ] 127.0.0.1 /index.php/Admin/Admin/captcha/rand/7724038.641361617
INFO: [ app_init ] --START--
INFO: Run Behavior\BuildLiteBehavior [ RunTime:0.000000s ]
INFO: [ app_init ] --END-- [ RunTime:0.000000s ]
ERR: 无法加载模块:Admin/Admin/captcha/rand/7724038

[ 2018-07-24T17:48:13+08:00 ] 127.0.0.1 /upload/2017/11/23/5a1627b3ea155.png
INFO: [ app_init ] --START--
INFO: Run Behavior\BuildLiteBehavior [ RunTime:0.000000s ]
INFO: [ app_init ] --END-- [ RunTime:0.001000s ]
ERR: 无法加载模块:Upload/2017/11/23/5a1627b3ea155

[ 2018-07-24T17:48:13+08:00 ] 127.0.0.1 /upload/2017/11/23/5a1627b3ea155.png
INFO: [ app_init ] --START--
INFO: Run Behavior\BuildLiteBehavior [ RunTime:0.000000s ]
INFO: [ app_init ] --END-- [ RunTime:0.000000s ]
ERR: 无法加载模块:Upload/2017/11/23/5a1627b3ea155

[ 2018-07-24T17:48:17+08:00 ] 127.0.0.1 /Public/images/yes.png
INFO: [ app_init ] --START--
INFO: Run Behavior\BuildLiteBehavior [ RunTime:0.000000s ]
INFO: [ app_init ] --END-- [ RunTime:0.000000s ]
ERR: 无法加载模块:Public/images/yes

[ 2018-07-24T17:48:17+08:00 ] 127.0.0.1 /upload/2017/12/25/5a40a168a4106.jpg
INFO: [ app_init ] --START--
INFO: Run Behavior\BuildLiteBehavior [ RunTime:0.000000s ]
INFO: [ app_init ] --END-- [ RunTime:0.000000s ]
ERR: 无法加载模块:Upload/2017/12/25/5a40a168a4106

[ 2018-07-24T17:48:17+08:00 ] 127.0.0.1 /upload/2017/12/25/5a40a1b04e206.jpg
INFO: [ app_init ] --START--
INFO: Run Behavior\BuildLiteBehavior [ RunTime:0.000000s ]
INFO: [ app_init ] --END-- [ RunTime:0.000000s ]
ERR: 无法加载模块:Upload/2017/12/25/5a40a1b04e206

[ 2018-07-24T17:48:18+08:00 ] 127.0.0.1 /Public/images/cancel.png
INFO: [ app_init ] --START--
INFO: Run Behavior\BuildLiteBehavior [ RunTime:0.000000s ]
INFO: [ app_init ] --END-- [ RunTime:0.000000s ]
ERR: 无法加载模块:Public/images/cancel

[ 2018-07-24T17:48:18+08:00 ] 127.0.0.1 /upload/2017/11/23/5a1627b3ea155.png
INFO: [ app_init ] --START--
INFO: Run Behavior\BuildLiteBehavior [ RunTime:0.000000s ]
INFO: [ app_init ] --END-- [ RunTime:0.000000s ]
ERR: 无法加载模块:Upload/2017/11/23/5a1627b3ea155

[ 2018-07-24T17:48:18+08:00 ] 127.0.0.1 /upload/2017/12/25/5a40a1832cade.jpg
INFO: [ app_init ] --START--
INFO: Run Behavior\BuildLiteBehavior [ RunTime:0.000000s ]
INFO: [ app_init ] --END-- [ RunTime:0.000000s ]
ERR: 无法加载模块:Upload/2017/12/25/5a40a1832cade

[ 2018-07-24T17:48:30+08:00 ] 127.0.0.1 /Public/images/cancel.png
INFO: [ app_init ] --START--
INFO: Run Behavior\BuildLiteBehavior [ RunTime:0.000000s ]
INFO: [ app_init ] --END-- [ RunTime:0.000000s ]
ERR: 无法加载模块:Public/images/cancel

[ 2018-07-24T17:48:30+08:00 ] 127.0.0.1 /Public/images/yes.png
INFO: [ app_init ] --START--
INFO: Run Behavior\BuildLiteBehavior [ RunTime:0.000000s ]
INFO: [ app_init ] --END-- [ RunTime:0.000000s ]
ERR: 无法加载模块:Public/images/yes

[ 2018-07-24T17:50:01+08:00 ] 127.0.0.1 /upload/2017/11/14/5a0a4f010f73e.gif
INFO: [ app_init ] --START--
INFO: Run Behavior\BuildLiteBehavior [ RunTime:0.000000s ]
INFO: [ app_init ] --END-- [ RunTime:0.001000s ]
ERR: 无法加载模块:Upload/2017/11/14/5a0a4f010f73e

[ 2018-07-24T17:56:00+08:00 ] 127.0.0.1 /Public/images/yes.png
INFO: [ app_init ] --START--
INFO: Run Behavior\BuildLiteBehavior [ RunTime:0.000000s ]
INFO: [ app_init ] --END-- [ RunTime:0.000000s ]
ERR: 无法加载模块:Public/images/yes

[ 2018-07-24T17:56:01+08:00 ] 127.0.0.1 /Public/images/cancel.png
INFO: [ app_init ] --START--
INFO: Run Behavior\BuildLiteBehavior [ RunTime:0.000000s ]
INFO: [ app_init ] --END-- [ RunTime:0.001000s ]
ERR: 无法加载模块:Public/images/cancel

[ 2018-07-24T17:56:03+08:00 ] 127.0.0.1 /index.php/Admin/Goods/ajaxGetAttrInput?goods_id=&type_id=0
INFO: [ app_init ] --START--
INFO: Run Behavior\BuildLiteBehavior [ RunTime:0.000000s ]
INFO: [ app_init ] --END-- [ RunTime:0.000000s ]
ERR: 无法加载模块:Admin/Goods/ajaxGetAttrInput

[ 2018-07-24T17:56:06+08:00 ] 127.0.0.1 /Public/images/yes.png
INFO: [ app_init ] --START--
INFO: Run Behavior\BuildLiteBehavior [ RunTime:0.000000s ]
INFO: [ app_init ] --END-- [ RunTime:0.000000s ]
ERR: 无法加载模块:Public/images/yes

[ 2018-07-24T17:56:07+08:00 ] 127.0.0.1 /upload/2017/12/25/5a40a1832cade.jpg
INFO: [ app_init ] --START--
INFO: Run Behavior\BuildLiteBehavior [ RunTime:0.000000s ]
INFO: [ app_init ] --END-- [ RunTime:0.000000s ]
ERR: 无法加载模块:Upload/2017/12/25/5a40a1832cade

[ 2018-07-24T17:56:07+08:00 ] 127.0.0.1 /Public/images/yes.png
INFO: [ app_init ] --START--
INFO: Run Behavior\BuildLiteBehavior [ RunTime:0.000000s ]
INFO: [ app_init ] --END-- [ RunTime:0.000000s ]
ERR: 无法加载模块:Public/images/yes

[ 2018-07-24T17:56:07+08:00 ] 127.0.0.1 /upload/2017/12/25/5a40a1832cade.jpg
INFO: [ app_init ] --START--
INFO: Run Behavior\BuildLiteBehavior [ RunTime:0.000000s ]
INFO: [ app_init ] --END-- [ RunTime:0.001000s ]
ERR: 无法加载模块:Upload/2017/12/25/5a40a1832cade

[ 2018-07-24T17:56:08+08:00 ] 127.0.0.1 /Public/images/cancel.png
INFO: [ app_init ] --START--
INFO: Run Behavior\BuildLiteBehavior [ RunTime:0.000000s ]
INFO: [ app_init ] --END-- [ RunTime:0.000000s ]
ERR: 无法加载模块:Public/images/cancel

[ 2018-07-24T17:56:08+08:00 ] 127.0.0.1 /upload/2017/11/23/5a1627b3ea155.png
INFO: [ app_init ] --START--
INFO: Run Behavior\BuildLiteBehavior [ RunTime:0.000000s ]
INFO: [ app_init ] --END-- [ RunTime:0.000000s ]
ERR: 无法加载模块:Upload/2017/11/23/5a1627b3ea155

[ 2018-07-24T17:56:08+08:00 ] 127.0.0.1 /upload/2017/12/25/5a40a168a4106.jpg
INFO: [ app_init ] --START--
INFO: Run Behavior\BuildLiteBehavior [ RunTime:0.000000s ]
INFO: [ app_init ] --END-- [ RunTime:0.001000s ]
ERR: 无法加载模块:Upload/2017/12/25/5a40a168a4106

[ 2018-07-24T17:56:08+08:00 ] 127.0.0.1 /upload/2017/12/25/5a40a1b04e206.jpg
INFO: [ app_init ] --START--
INFO: Run Behavior\BuildLiteBehavior [ RunTime:0.000000s ]
INFO: [ app_init ] --END-- [ RunTime:0.001000s ]
ERR: 无法加载模块:Upload/2017/12/25/5a40a1b04e206

[ 2018-07-24T17:56:30+08:00 ] 127.0.0.1 /Public/images/yes.png
INFO: [ app_init ] --START--
INFO: Run Behavior\BuildLiteBehavior [ RunTime:0.000000s ]
INFO: [ app_init ] --END-- [ RunTime:0.000000s ]
ERR: 无法加载模块:Public/images/yes

[ 2018-07-24T17:56:53+08:00 ] 127.0.0.1 /Public/images/yes.png
INFO: [ app_init ] --START--
INFO: Run Behavior\BuildLiteBehavior [ RunTime:0.000000s ]
INFO: [ app_init ] --END-- [ RunTime:0.000000s ]
ERR: 无法加载模块:Public/images/yes

[ 2018-07-24T17:57:04+08:00 ] 127.0.0.1 /upload/2017/11/14/5a0a4f010f73e.gif
INFO: [ app_init ] --START--
INFO: Run Behavior\BuildLiteBehavior [ RunTime:0.000000s ]
INFO: [ app_init ] --END-- [ RunTime:0.000000s ]
ERR: 无法加载模块:Upload/2017/11/14/5a0a4f010f73e

[ 2018-07-24T17:57:13+08:00 ] 127.0.0.1 /Public/images/cancel.png
INFO: [ app_init ] --START--
INFO: Run Behavior\BuildLiteBehavior [ RunTime:0.000000s ]
INFO: [ app_init ] --END-- [ RunTime:0.001000s ]
ERR: 无法加载模块:Public/images/cancel

[ 2018-07-24T17:57:13+08:00 ] 127.0.0.1 /upload/2017/12/25/5a40a168a4106.jpg
INFO: [ app_init ] --START--
INFO: Run Behavior\BuildLiteBehavior [ RunTime:0.000000s ]
INFO: [ app_init ] --END-- [ RunTime:0.001000s ]
ERR: 无法加载模块:Upload/2017/12/25/5a40a168a4106

[ 2018-07-24T17:57:13+08:00 ] 127.0.0.1 /Public/images/yes.png
INFO: [ app_init ] --START--
INFO: Run Behavior\BuildLiteBehavior [ RunTime:0.000000s ]
INFO: [ app_init ] --END-- [ RunTime:0.000000s ]
ERR: 无法加载模块:Public/images/yes

[ 2018-07-24T17:57:13+08:00 ] 127.0.0.1 /upload/2017/12/25/5a40a1b04e206.jpg
INFO: [ app_init ] --START--
INFO: Run Behavior\BuildLiteBehavior [ RunTime:0.000000s ]
INFO: [ app_init ] --END-- [ RunTime:0.000000s ]
ERR: 无法加载模块:Upload/2017/12/25/5a40a1b04e206

[ 2018-07-24T17:57:13+08:00 ] 127.0.0.1 /upload/2017/11/23/5a1627b3ea155.png
INFO: [ app_init ] --START--
INFO: Run Behavior\BuildLiteBehavior [ RunTime:0.000000s ]
INFO: [ app_init ] --END-- [ RunTime:0.001000s ]
ERR: 无法加载模块:Upload/2017/11/23/5a1627b3ea155

[ 2018-07-24T17:57:13+08:00 ] 127.0.0.1 /upload/2017/12/25/5a40a1832cade.jpg
INFO: [ app_init ] --START--
INFO: Run Behavior\BuildLiteBehavior [ RunTime:0.000000s ]
INFO: [ app_init ] --END-- [ RunTime:0.000000s ]
ERR: 无法加载模块:Upload/2017/12/25/5a40a1832cade

[ 2018-07-24T17:58:09+08:00 ] 127.0.0.1 /Public/images/yes.png
INFO: [ app_init ] --START--
INFO: Run Behavior\BuildLiteBehavior [ RunTime:0.000000s ]
INFO: [ app_init ] --END-- [ RunTime:0.000000s ]
ERR: 无法加载模块:Public/images/yes

[ 2018-07-24T17:58:55+08:00 ] 127.0.0.1 /Public/images/cancel.png
INFO: [ app_init ] --START--
INFO: Run Behavior\BuildLiteBehavior [ RunTime:0.001000s ]
INFO: [ app_init ] --END-- [ RunTime:0.001000s ]
ERR: 无法加载模块:Public/images/cancel

[ 2018-07-24T17:58:55+08:00 ] 127.0.0.1 /Public/images/yes.png
INFO: [ app_init ] --START--
INFO: Run Behavior\BuildLiteBehavior [ RunTime:0.000000s ]
INFO: [ app_init ] --END-- [ RunTime:0.000000s ]
ERR: 无法加载模块:Public/images/yes

[ 2018-07-24T17:58:57+08:00 ] 127.0.0.1 /index.php/Admin/Goods/ajaxGetAttrInput?goods_id=&type_id=0
INFO: [ app_init ] --START--
INFO: Run Behavior\BuildLiteBehavior [ RunTime:0.000000s ]
INFO: [ app_init ] --END-- [ RunTime:0.000000s ]
ERR: 无法加载模块:Admin/Goods/ajaxGetAttrInput

[ 2018-07-24T17:59:00+08:00 ] 127.0.0.1 /upload/2017/12/25/5a40a168a4106.jpg
INFO: [ app_init ] --START--
INFO: Run Behavior\BuildLiteBehavior [ RunTime:0.000000s ]
INFO: [ app_init ] --END-- [ RunTime:0.000000s ]
ERR: 无法加载模块:Upload/2017/12/25/5a40a168a4106

[ 2018-07-24T17:59:00+08:00 ] 127.0.0.1 /Public/images/cancel.png
INFO: [ app_init ] --START--
INFO: Run Behavior\BuildLiteBehavior [ RunTime:0.000000s ]
INFO: [ app_init ] --END-- [ RunTime:0.001000s ]
ERR: 无法加载模块:Public/images/cancel

[ 2018-07-24T17:59:00+08:00 ] 127.0.0.1 /Public/images/yes.png
INFO: [ app_init ] --START--
INFO: Run Behavior\BuildLiteBehavior [ RunTime:0.000000s ]
INFO: [ app_init ] --END-- [ RunTime:0.001000s ]
ERR: 无法加载模块:Public/images/yes

[ 2018-07-24T17:59:00+08:00 ] 127.0.0.1 /upload/2017/12/25/5a40a1b04e206.jpg
INFO: [ app_init ] --START--
INFO: Run Behavior\BuildLiteBehavior [ RunTime:0.000000s ]
INFO: [ app_init ] --END-- [ RunTime:0.000000s ]
ERR: 无法加载模块:Upload/2017/12/25/5a40a1b04e206

[ 2018-07-24T17:59:00+08:00 ] 127.0.0.1 /upload/2017/12/25/5a40a1832cade.jpg
INFO: [ app_init ] --START--
INFO: Run Behavior\BuildLiteBehavior [ RunTime:0.000000s ]
INFO: [ app_init ] --END-- [ RunTime:0.000000s ]
ERR: 无法加载模块:Upload/2017/12/25/5a40a1832cade

[ 2018-07-24T17:59:00+08:00 ] 127.0.0.1 /upload/2017/11/23/5a1627b3ea155.png
INFO: [ app_init ] --START--
INFO: Run Behavior\BuildLiteBehavior [ RunTime:0.000000s ]
INFO: [ app_init ] --END-- [ RunTime:0.000000s ]
ERR: 无法加载模块:Upload/2017/11/23/5a1627b3ea155

[ 2018-07-24T17:59:36+08:00 ] 127.0.0.1 /Public/images/cancel.png
INFO: [ app_init ] --START--
INFO: Run Behavior\BuildLiteBehavior [ RunTime:0.000000s ]
INFO: [ app_init ] --END-- [ RunTime:0.000000s ]
ERR: 无法加载模块:Public/images/cancel

[ 2018-07-24T17:59:36+08:00 ] 127.0.0.1 /Public/images/yes.png
INFO: [ app_init ] --START--
INFO: Run Behavior\BuildLiteBehavior [ RunTime:0.000000s ]
INFO: [ app_init ] --END-- [ RunTime:0.000000s ]
ERR: 无法加载模块:Public/images/yes

[ 2018-07-24T18:02:34+08:00 ] 127.0.0.1 /upload/2017/12/25/5a40a168a4106.jpg
INFO: [ app_init ] --START--
INFO: Run Behavior\BuildLiteBehavior [ RunTime:0.000000s ]
INFO: [ app_init ] --END-- [ RunTime:0.000000s ]
ERR: 无法加载模块:Upload

[ 2018-07-24T18:02:34+08:00 ] 127.0.0.1 /Public/images/yes.png
INFO: [ app_init ] --START--
INFO: Run Behavior\BuildLiteBehavior [ RunTime:0.000000s ]
INFO: [ app_init ] --END-- [ RunTime:0.001000s ]
ERR: 无法加载模块:Public

[ 2018-07-24T18:02:34+08:00 ] 127.0.0.1 /Public/images/cancel.png
INFO: [ app_init ] --START--
INFO: Run Behavior\BuildLiteBehavior [ RunTime:0.000000s ]
INFO: [ app_init ] --END-- [ RunTime:0.000000s ]
ERR: 无法加载模块:Public

[ 2018-07-24T18:02:34+08:00 ] 127.0.0.1 /upload/2017/11/23/5a1627b3ea155.png
INFO: [ app_init ] --START--
INFO: Run Behavior\BuildLiteBehavior [ RunTime:0.000000s ]
INFO: [ app_init ] --END-- [ RunTime:0.001000s ]
ERR: 无法加载模块:Upload

[ 2018-07-24T18:02:34+08:00 ] 127.0.0.1 /upload/2017/12/25/5a40a1832cade.jpg
INFO: [ app_init ] --START--
INFO: Run Behavior\BuildLiteBehavior [ RunTime:0.000000s ]
INFO: [ app_init ] --END-- [ RunTime:0.000000s ]
ERR: 无法加载模块:Upload

[ 2018-07-24T18:02:34+08:00 ] 127.0.0.1 /upload/2017/12/25/5a40a1b04e206.jpg
INFO: [ app_init ] --START--
INFO: Run Behavior\BuildLiteBehavior [ RunTime:0.000000s ]
INFO: [ app_init ] --END-- [ RunTime:0.000000s ]
ERR: 无法加载模块:Upload

